2025-05-29 15:27:30,756 - __main__ - INFO - Starting database seeding process...
2025-05-29 15:27:30,756 - __main__ - INFO - Fetching page 1 with 50 listings...
2025-05-29 15:27:31,872 - __main__ - ERROR - Error fetching listings: Expecting value: line 1 column 1 (char 0)
2025-05-29 15:27:31,873 - __main__ - INFO - No more listings found.
2025-05-29 15:27:31,874 - __main__ - INFO - Database seeding completed.
2025-05-29 18:06:46,033 - __main__ - INFO - Starting database seeding process...
2025-05-29 18:06:46,034 - __main__ - INFO - Fetching up to 25 listings...
2025-05-29 18:06:46,034 - __main__ - INFO - Fetching page 1 with 25 listings...
2025-05-29 18:06:48,790 - __main__ - ERROR - Request error fetching listings: Expecting value: line 1 column 1 (char 0)
2025-05-29 18:06:48,791 - __main__ - WARNING - No listings found. The API might be blocking the request.
2025-05-29 18:06:48,791 - __main__ - INFO - Database seeding completed.
2025-05-29 18:07:21,205 - __main__ - INFO - Starting database seeding process...
2025-05-29 18:07:21,205 - __main__ - INFO - Fetching up to 25 listings...
2025-05-29 18:07:21,206 - __main__ - INFO - Fetching page 1 with 25 listings...
2025-05-29 18:07:23,791 - __main__ - ERROR - Request error fetching listings: Expecting value: line 1 column 1 (char 0)
2025-05-29 18:07:23,792 - __main__ - WARNING - No listings found. The API might be blocking the request.
2025-05-29 18:07:23,792 - __main__ - INFO - Database seeding completed.
2025-05-29 18:09:09,499 - __main__ - INFO - Starting database seeding process...
2025-05-29 18:09:09,499 - __main__ - INFO - Fetching up to 25 listings...
2025-05-29 18:09:09,499 - __main__ - INFO - Fetching page 1 with 25 listings...
2025-05-29 18:09:10,911 - __main__ - ERROR - Invalid JSON response: <HTML>
	<HEAD>
<base href="/" />
<script type="text/javascript">
  var _event_transid='2892606393';
  var _event_clientip='83.57.183.27';
  var _event_clientport='23134';
</script>

		<TITLE>Unautho...
2025-05-29 18:09:10,912 - __main__ - INFO - Retry 2/3 after 2.01s...
2025-05-29 18:09:13,766 - __main__ - ERROR - Invalid JSON response: <HTML>
	<HEAD>
<base href="/" />
<script type="text/javascript">
  var _event_transid='2892606395';
  var _event_clientip='83.57.183.27';
  var _event_clientport='23134';
</script>

		<TITLE>Unautho...
2025-05-29 18:09:13,766 - __main__ - INFO - Retry 3/3 after 4.56s...
2025-05-29 18:09:19,442 - __main__ - ERROR - Invalid JSON response: <HTML>
	<HEAD>
<base href="/" />
<script type="text/javascript">
  var _event_transid='2905987156';
  var _event_clientip='83.57.183.27';
  var _event_clientport='33752';
</script>

		<TITLE>Unautho...
2025-05-29 18:09:19,442 - __main__ - ERROR - Failed to fetch listings after all retries
2025-05-29 18:09:19,442 - __main__ - WARNING - No listings found. The API might be blocking the request.
2025-05-29 18:09:19,443 - __main__ - INFO - Database seeding completed.
2025-05-29 18:13:50,806 - __main__ - INFO - Starting database seeding process...
2025-05-29 18:13:50,807 - __main__ - INFO - Fetching up to 25 listings...
2025-05-29 18:13:50,807 - __main__ - INFO - Fetching page 1 with 25 listings...
2025-05-29 18:13:50,807 - __main__ - INFO - Visiting search page to get session cookies...
2025-05-29 18:13:53,711 - __main__ - ERROR - Failed to parse JSON: Expecting value: line 1 column 1 (char 0)
2025-05-29 18:13:53,712 - __main__ - INFO - Retry 2/3 after 2.94s...
2025-05-29 18:13:57,923 - __main__ - ERROR - Failed to parse JSON: Expecting value: line 1 column 1 (char 0)
2025-05-29 18:13:57,924 - __main__ - INFO - Retry 3/3 after 4.33s...
2025-05-29 18:14:04,709 - __main__ - ERROR - Failed to parse JSON: Expecting value: line 1 column 1 (char 0)
2025-05-29 18:14:06,210 - __main__ - ERROR - Failed to parse JSON: Expecting value: line 1 column 1 (char 0)
2025-05-29 18:14:06,210 - __main__ - INFO - Retry 2/3 after 2.41s...
2025-05-29 18:14:10,950 - __main__ - ERROR - Failed to parse JSON: Expecting value: line 1 column 1 (char 0)
2025-05-29 18:14:10,951 - __main__ - INFO - Retry 3/3 after 4.75s...
2025-05-29 18:14:18,403 - __main__ - ERROR - Failed to parse JSON: Expecting value: line 1 column 1 (char 0)
2025-05-29 18:14:18,403 - __main__ - ERROR - Failed to fetch listings after all attempts
2025-05-29 18:14:18,403 - __main__ - WARNING - No listings found. The API might be blocking the request.
2025-05-29 18:14:18,404 - __main__ - INFO - Database seeding completed.
