INFO:     Will watch for changes in these directories: ['/Users/user/Documents/repos/windauto']
INFO:     Uvicorn running on http://0.0.0.0:8001 (Press CTRL+C to quit)
INFO:     Started reloader process [49997] using StatReload
2025-06-04 20:54:52,479 INFO sqlalchemy.engine.Engine select pg_catalog.version()
2025-06-04 20:54:52,479 INFO sqlalchemy.engine.Engine [raw sql] {}
2025-06-04 20:54:52,480 INFO sqlalchemy.engine.Engine select current_schema()
2025-06-04 20:54:52,480 INFO sqlalchemy.engine.Engine [raw sql] {}
2025-06-04 20:54:52,480 INFO sqlalchemy.engine.Engine show standard_conforming_strings
2025-06-04 20:54:52,480 INFO sqlalchemy.engine.Engine [raw sql] {}
2025-06-04 20:54:52,481 INFO sqlalchemy.engine.Engine BEGIN (implicit)
2025-06-04 20:54:52,484 INFO sqlalchemy.engine.Engine SELECT pg_catalog.pg_class.relname 
FROM pg_catalog.pg_class JOIN pg_catalog.pg_namespace ON pg_catalog.pg_namespace.oid = pg_catalog.pg_class.relnamespace 
WHERE pg_catalog.pg_class.relname = %(table_name)s AND pg_catalog.pg_class.relkind = ANY (ARRAY[%(param_1)s, %(param_2)s, %(param_3)s, %(param_4)s, %(param_5)s]) AND pg_catalog.pg_table_is_visible(pg_catalog.pg_class.oid) AND pg_catalog.pg_namespace.nspname != %(nspname_1)s
2025-06-04 20:54:52,484 INFO sqlalchemy.engine.Engine [generated in 0.00027s] {'table_name': 'car_brands', 'param_1': 'r', 'param_2': 'p', 'param_3': 'f', 'param_4': 'v', 'param_5': 'm', 'nspname_1': 'pg_catalog'}
2025-06-04 20:54:52,485 INFO sqlalchemy.engine.Engine SELECT pg_catalog.pg_class.relname 
FROM pg_catalog.pg_class JOIN pg_catalog.pg_namespace ON pg_catalog.pg_namespace.oid = pg_catalog.pg_class.relnamespace 
WHERE pg_catalog.pg_class.relname = %(table_name)s AND pg_catalog.pg_class.relkind = ANY (ARRAY[%(param_1)s, %(param_2)s, %(param_3)s, %(param_4)s, %(param_5)s]) AND pg_catalog.pg_table_is_visible(pg_catalog.pg_class.oid) AND pg_catalog.pg_namespace.nspname != %(nspname_1)s
2025-06-04 20:54:52,486 INFO sqlalchemy.engine.Engine [cached since 0.00193s ago] {'table_name': 'car_models', 'param_1': 'r', 'param_2': 'p', 'param_3': 'f', 'param_4': 'v', 'param_5': 'm', 'nspname_1': 'pg_catalog'}
2025-06-04 20:54:52,486 INFO sqlalchemy.engine.Engine SELECT pg_catalog.pg_class.relname 
FROM pg_catalog.pg_class JOIN pg_catalog.pg_namespace ON pg_catalog.pg_namespace.oid = pg_catalog.pg_class.relnamespace 
WHERE pg_catalog.pg_class.relname = %(table_name)s AND pg_catalog.pg_class.relkind = ANY (ARRAY[%(param_1)s, %(param_2)s, %(param_3)s, %(param_4)s, %(param_5)s]) AND pg_catalog.pg_table_is_visible(pg_catalog.pg_class.oid) AND pg_catalog.pg_namespace.nspname != %(nspname_1)s
2025-06-04 20:54:52,486 INFO sqlalchemy.engine.Engine [cached since 0.002481s ago] {'table_name': 'car_listings', 'param_1': 'r', 'param_2': 'p', 'param_3': 'f', 'param_4': 'v', 'param_5': 'm', 'nspname_1': 'pg_catalog'}
2025-06-04 20:54:52,487 INFO sqlalchemy.engine.Engine SELECT pg_catalog.pg_class.relname 
FROM pg_catalog.pg_class JOIN pg_catalog.pg_namespace ON pg_catalog.pg_namespace.oid = pg_catalog.pg_class.relnamespace 
WHERE pg_catalog.pg_class.relname = %(table_name)s AND pg_catalog.pg_class.relkind = ANY (ARRAY[%(param_1)s, %(param_2)s, %(param_3)s, %(param_4)s, %(param_5)s]) AND pg_catalog.pg_table_is_visible(pg_catalog.pg_class.oid) AND pg_catalog.pg_namespace.nspname != %(nspname_1)s
2025-06-04 20:54:52,487 INFO sqlalchemy.engine.Engine [cached since 0.002962s ago] {'table_name': 'car_listing_history', 'param_1': 'r', 'param_2': 'p', 'param_3': 'f', 'param_4': 'v', 'param_5': 'm', 'nspname_1': 'pg_catalog'}
2025-06-04 20:54:52,488 INFO sqlalchemy.engine.Engine SELECT pg_catalog.pg_type.typname 
FROM pg_catalog.pg_type JOIN pg_catalog.pg_namespace ON pg_catalog.pg_namespace.oid = pg_catalog.pg_type.typnamespace 
WHERE pg_catalog.pg_type.typname = %(typname_1)s AND pg_catalog.pg_type_is_visible(pg_catalog.pg_type.oid) AND pg_catalog.pg_namespace.nspname != %(nspname_1)s
2025-06-04 20:54:52,488 INFO sqlalchemy.engine.Engine [generated in 0.00013s] {'typname_1': 'carstatus', 'nspname_1': 'pg_catalog'}
2025-06-04 20:54:52,489 INFO sqlalchemy.engine.Engine COMMIT
Process SpawnProcess-1:
Traceback (most recent call last):
  File "/Library/Developer/CommandLineTools/Library/Frameworks/Python3.framework/Versions/3.9/lib/python3.9/multiprocessing/process.py", line 315, in _bootstrap
    self.run()
  File "/Library/Developer/CommandLineTools/Library/Frameworks/Python3.framework/Versions/3.9/lib/python3.9/multiprocessing/process.py", line 108, in run
    self._target(*self._args, **self._kwargs)
  File "/Users/user/Library/Python/3.9/lib/python/site-packages/uvicorn/_subprocess.py", line 78, in subprocess_started
    target(sockets=sockets)
  File "/Users/user/Library/Python/3.9/lib/python/site-packages/uvicorn/server.py", line 62, in run
    return asyncio.run(self.serve(sockets=sockets))
  File "/Library/Developer/CommandLineTools/Library/Frameworks/Python3.framework/Versions/3.9/lib/python3.9/asyncio/runners.py", line 44, in run
    return loop.run_until_complete(main)
  File "/Library/Developer/CommandLineTools/Library/Frameworks/Python3.framework/Versions/3.9/lib/python3.9/asyncio/base_events.py", line 642, in run_until_complete
    return future.result()
  File "/Users/user/Library/Python/3.9/lib/python/site-packages/uvicorn/server.py", line 69, in serve
    config.load()
  File "/Users/user/Library/Python/3.9/lib/python/site-packages/uvicorn/config.py", line 458, in load
    self.loaded_app = import_from_string(self.app)
  File "/Users/user/Library/Python/3.9/lib/python/site-packages/uvicorn/importer.py", line 21, in import_from_string
    module = importlib.import_module(module_str)
  File "/Library/Developer/CommandLineTools/Library/Frameworks/Python3.framework/Versions/3.9/lib/python3.9/importlib/__init__.py", line 127, in import_module
    return _bootstrap._gcd_import(name[level:], package, level)
  File "<frozen importlib._bootstrap>", line 1030, in _gcd_import
  File "<frozen importlib._bootstrap>", line 1007, in _find_and_load
  File "<frozen importlib._bootstrap>", line 986, in _find_and_load_unlocked
  File "<frozen importlib._bootstrap>", line 680, in _load_unlocked
  File "<frozen importlib._bootstrap_external>", line 850, in exec_module
  File "<frozen importlib._bootstrap>", line 228, in _call_with_frames_removed
  File "/Users/user/Documents/repos/windauto/app/main.py", line 8, in <module>
    from app.api.api_v1.api_new import api_router
  File "/Users/user/Documents/repos/windauto/app/api/api_v1/__init__.py", line 4, in <module>
    from .api_new import api_router
  File "/Users/user/Documents/repos/windauto/app/api/api_v1/api_new.py", line 8, in <module>
    from .endpoints import scraper_v2
  File "/Users/user/Documents/repos/windauto/app/api/api_v1/endpoints/scraper_v2.py", line 14, in <module>
    from app.scrapers.yad2_updated import Yad2Scraper
  File "/Users/user/Documents/repos/windauto/app/scrapers/__init__.py", line 4, in <module>
    from .yad2_updated import Yad2Scraper
  File "/Users/user/Documents/repos/windauto/app/scrapers/yad2_updated.py", line 1177
    description = item.get('description', '')
IndentationError: unexpected indent
INFO:     Stopping reloader process [49997]
